[2024-09-05 19:27:33] INFO: CheckM v1.2.2
[2024-09-05 19:27:33] INFO: checkm taxonomy_wf genus Xanthomonas -t 10 . checkm_out
[2024-09-05 19:27:33] INFO: CheckM data: /data/djs217/checkm_data
[2024-09-05 19:27:33] INFO: [CheckM - taxon_set] Generate taxonomic-specific marker set.
[2024-09-05 19:27:37] INFO: Marker set for Xanthomonas contains 1163 marker genes arranged in 401 sets.
[2024-09-05 19:27:37] INFO: Marker set inferred from 16 reference genomes.
[2024-09-05 19:27:37] INFO: Marker set for Xanthomonadaceae contains 540 marker genes arranged in 311 sets.
[2024-09-05 19:27:37] INFO: Marker set inferred from 58 reference genomes.
[2024-09-05 19:27:37] INFO: Marker set for Xanthomonadales contains 499 marker genes arranged in 264 sets.
[2024-09-05 19:27:37] INFO: Marker set inferred from 63 reference genomes.
[2024-09-05 19:27:37] INFO: Marker set for Gammaproteobacteria contains 280 marker genes arranged in 178 sets.
[2024-09-05 19:27:37] INFO: Marker set inferred from 1167 reference genomes.
[2024-09-05 19:27:37] INFO: Marker set for Proteobacteria contains 182 marker genes arranged in 119 sets.
[2024-09-05 19:27:37] INFO: Marker set inferred from 2343 reference genomes.
[2024-09-05 19:27:37] INFO: Marker set for Bacteria contains 104 marker genes arranged in 58 sets.
[2024-09-05 19:27:37] INFO: Marker set inferred from 5449 reference genomes.
[2024-09-05 19:27:37] INFO: Marker set written to: checkm_out/Xanthomonas.ms
[2024-09-05 19:27:37] INFO: { Current stage: 0:00:03.782 || Total: 0:00:03.782 }
[2024-09-05 19:27:37] INFO: [CheckM - analyze] Identifying marker genes in bins.
[2024-09-05 19:27:40] INFO: Identifying marker genes in 80 bins with 10 threads:
[2024-09-05 19:57:18] INFO: Saving HMM info to file.
[2024-09-05 19:57:25] INFO: { Current stage: 0:29:48.155 || Total: 0:29:51.937 }
[2024-09-05 19:57:25] INFO: Parsing HMM hits to marker genes:
[2024-09-05 19:57:45] INFO: Aligning marker genes with multiple hits in a single bin:
[2024-09-05 19:57:47] INFO: { Current stage: 0:00:21.834 || Total: 0:30:13.772 }
[2024-09-05 19:57:47] INFO: Calculating genome statistics for 80 bins with 10 threads:
[2024-09-05 19:57:49] INFO: { Current stage: 0:00:01.675 || Total: 0:30:15.448 }
[2024-09-05 19:57:49] INFO: [CheckM - qa] Tabulating genome statistics.
[2024-09-05 19:57:49] INFO: Calculating AAI between multi-copy marker genes.
[2024-09-05 19:57:49] INFO: Reading HMM info from file.
[2024-09-05 19:57:50] INFO: Parsing HMM hits to marker genes:
[2024-09-05 19:58:11] INFO: { Current stage: 0:00:22.729 || Total: 0:30:38.177 }
