Xc105.fasta	ATCC_33913.fasta	98.7823	1551	1649
Xc105.fasta	Xc452.fasta	98.5361	1520	1649
Xc105.fasta	Xcr_CFBP_5828R.fasta	97.2421	1503	1649
Xc110.fasta	ATCC_33913.fasta	98.7736	1539	1637
Xc110.fasta	Xc452.fasta	98.5555	1510	1637
Xc110.fasta	Xcr_CFBP_5828R.fasta	97.2799	1487	1637
Xc111.fasta	ATCC_33913.fasta	98.8138	1551	1647
Xc111.fasta	Xc452.fasta	98.5442	1516	1647
Xc111.fasta	Xcr_CFBP_5828R.fasta	97.2177	1506	1647
Xc115.fasta	ATCC_33913.fasta	98.7512	1549	1641
Xc115.fasta	Xc452.fasta	98.5404	1514	1641
Xc115.fasta	Xcr_CFBP_5828R.fasta	97.2134	1499	1641
Xc117.fasta	ATCC_33913.fasta	98.7567	1554	1646
Xc117.fasta	Xc452.fasta	98.5222	1520	1646
Xc117.fasta	Xcr_CFBP_5828R.fasta	97.2439	1503	1646
Xc120.fasta	ATCC_33913.fasta	98.7692	1548	1641
Xc120.fasta	Xc452.fasta	98.5659	1509	1641
Xc120.fasta	Xcr_CFBP_5828R.fasta	97.2551	1493	1641
Xc121-1.fasta	ATCC_33913.fasta	98.7708	1542	1637
Xc121-1.fasta	Xc452.fasta	98.5671	1511	1637
Xc121-1.fasta	Xcr_CFBP_5828R.fasta	97.2584	1493	1637
Xc121-2.fasta	ATCC_33913.fasta	98.7784	1550	1644
Xc121-2.fasta	Xc452.fasta	98.5713	1518	1644
Xc121-2.fasta	Xcr_CFBP_5828R.fasta	97.2896	1499	1644
Xc129.fasta	ATCC_33913.fasta	98.7859	1549	1648
Xc129.fasta	Xc452.fasta	98.5068	1529	1648
Xc129.fasta	Xcr_CFBP_5828R.fasta	97.2513	1506	1648
Xc134.fasta	ATCC_33913.fasta	98.7651	1549	1647
Xc134.fasta	Xc452.fasta	98.5378	1522	1647
Xc134.fasta	Xcr_CFBP_5828R.fasta	97.2661	1493	1647
Xc142.fasta	ATCC_33913.fasta	98.8148	1541	1647
Xc142.fasta	Xc452.fasta	98.5424	1520	1647
Xc142.fasta	Xcr_CFBP_5828R.fasta	97.2541	1505	1647
Xc150.fasta	ATCC_33913.fasta	98.7761	1553	1648
Xc150.fasta	Xc452.fasta	98.536	1523	1648
Xc150.fasta	Xcr_CFBP_5828R.fasta	97.2712	1506	1648
Xc153.fasta	ATCC_33913.fasta	98.7336	1561	1646
Xc153.fasta	Xc452.fasta	98.5287	1522	1646
Xc153.fasta	Xcr_CFBP_5828R.fasta	97.2591	1501	1646
Xc16.fasta	Xc452.fasta	99.4141	1563	1631
Xc16.fasta	ATCC_33913.fasta	98.6983	1571	1631
Xc16.fasta	Xcr_CFBP_5828R.fasta	97.2193	1506	1631
Xc160.fasta	ATCC_33913.fasta	98.8242	1549	1649
Xc160.fasta	Xc452.fasta	98.5014	1516	1649
Xc160.fasta	Xcr_CFBP_5828R.fasta	97.2073	1508	1649
Xc163.fasta	ATCC_33913.fasta	98.7925	1544	1648
Xc163.fasta	Xc452.fasta	98.5685	1518	1648
Xc163.fasta	Xcr_CFBP_5828R.fasta	97.2257	1500	1648
Xc164.fasta	ATCC_33913.fasta	98.7959	1550	1646
Xc164.fasta	Xc452.fasta	98.5146	1522	1646
Xc164.fasta	Xcr_CFBP_5828R.fasta	97.2712	1498	1646
Xc173.fasta	ATCC_33913.fasta	98.8238	1543	1647
Xc173.fasta	Xc452.fasta	98.5206	1521	1647
Xc173.fasta	Xcr_CFBP_5828R.fasta	97.2576	1493	1647
Xc175.fasta	ATCC_33913.fasta	98.7796	1553	1648
Xc175.fasta	Xc452.fasta	98.5254	1521	1648
Xc175.fasta	Xcr_CFBP_5828R.fasta	97.2436	1506	1648
Xc20.fasta	Xc452.fasta	99.5795	1546	1614
Xc20.fasta	ATCC_33913.fasta	98.9396	1545	1614
Xc20.fasta	Xcr_CFBP_5828R.fasta	97.186	1492	1614
Xc2010.fasta	Xc452.fasta	99.4066	1577	1640
Xc2010.fasta	ATCC_33913.fasta	98.7479	1568	1640
Xc2010.fasta	Xcr_CFBP_5828R.fasta	97.2242	1505	1640
Xc211.fasta	Xc452.fasta	99.7982	1589	1683
Xc211.fasta	ATCC_33913.fasta	98.8003	1580	1683
Xc211.fasta	Xcr_CFBP_5828R.fasta	97.1145	1518	1683
Xc221-1.fasta	ATCC_33913.fasta	98.7796	1545	1652
Xc221-1.fasta	Xc452.fasta	98.5105	1516	1652
Xc221-1.fasta	Xcr_CFBP_5828R.fasta	97.2593	1489	1652
Xc221-2.fasta	ATCC_33913.fasta	98.7555	1543	1650
Xc221-2.fasta	Xc452.fasta	98.5096	1518	1650
Xc221-2.fasta	Xcr_CFBP_5828R.fasta	97.2342	1496	1650
Xc25.fasta	Xc452.fasta	99.9898	1614	1628
Xc25.fasta	ATCC_33913.fasta	98.8598	1569	1628
Xc25.fasta	Xcr_CFBP_5828R.fasta	97.2243	1503	1628
Xc252.fasta	Xc452.fasta	99.352	1577	1667
Xc252.fasta	ATCC_33913.fasta	98.7658	1582	1667
Xc252.fasta	Xcr_CFBP_5828R.fasta	97.243	1511	1667
Xc2612.fasta	ATCC_33913.fasta	99.0785	1592	1653
Xc2612.fasta	Xc452.fasta	99.0736	1557	1653
Xc2612.fasta	Xcr_CFBP_5828R.fasta	97.2282	1499	1653
Xc272.fasta	Xc452.fasta	99.3947	1576	1625
Xc272.fasta	ATCC_33913.fasta	98.7339	1558	1625
Xc272.fasta	Xcr_CFBP_5828R.fasta	97.1948	1516	1625
Xc292.fasta	Xc452.fasta	99.4108	1575	1660
Xc292.fasta	ATCC_33913.fasta	98.7215	1581	1660
Xc292.fasta	Xcr_CFBP_5828R.fasta	97.201	1506	1660
Xc302.fasta	ATCC_33913.fasta	99.3022	1564	1624
Xc302.fasta	Xc452.fasta	98.9179	1534	1624
Xc302.fasta	Xcr_CFBP_5828R.fasta	97.2767	1487	1624
Xc312.fasta	Xc452.fasta	99.3923	1580	1644
Xc312.fasta	ATCC_33913.fasta	98.6459	1585	1644
Xc312.fasta	Xcr_CFBP_5828R.fasta	97.2258	1507	1644
Xc321.fasta	Xc452.fasta	99.4141	1573	1637
Xc321.fasta	ATCC_33913.fasta	98.7236	1576	1637
Xc321.fasta	Xcr_CFBP_5828R.fasta	97.2054	1516	1637
Xc3211.fasta	Xc452.fasta	99.4432	1589	1626
Xc3211.fasta	ATCC_33913.fasta	98.7649	1567	1626
Xc3211.fasta	Xcr_CFBP_5828R.fasta	97.2167	1515	1626
Xc3212.fasta	Xc452.fasta	99.4242	1594	1628
Xc3212.fasta	ATCC_33913.fasta	98.7501	1571	1628
Xc3212.fasta	Xcr_CFBP_5828R.fasta	97.2605	1509	1628
Xc342.fasta	Xc452.fasta	99.3835	1583	1644
Xc342.fasta	ATCC_33913.fasta	98.6753	1575	1644
Xc342.fasta	Xcr_CFBP_5828R.fasta	97.2378	1506	1644
Xc35.fasta	ATCC_33913.fasta	98.774	1539	1632
Xc35.fasta	Xc452.fasta	98.5283	1507	1632
Xc35.fasta	Xcr_CFBP_5828R.fasta	97.2396	1493	1632
Xc362.fasta	Xc452.fasta	99.9918	1605	1624
Xc362.fasta	ATCC_33913.fasta	98.8333	1561	1624
Xc362.fasta	Xcr_CFBP_5828R.fasta	97.2246	1501	1624
Xc39.fasta	ATCC_33913.fasta	98.7905	1548	1643
Xc39.fasta	Xc452.fasta	98.5395	1523	1643
Xc39.fasta	Xcr_CFBP_5828R.fasta	97.2334	1501	1643
Xc412.fasta	ATCC_33913.fasta	99.1003	1588	1644
Xc412.fasta	Xc452.fasta	99.0816	1552	1644
Xc412.fasta	Xcr_CFBP_5828R.fasta	97.2199	1510	1644
Xc421-1.fasta	ATCC_33913.fasta	98.7854	1553	1650
Xc421-1.fasta	Xc452.fasta	98.5246	1522	1650
Xc421-1.fasta	Xcr_CFBP_5828R.fasta	97.2253	1504	1650
Xc421-2.fasta	ATCC_33913.fasta	98.7898	1556	1649
Xc421-2.fasta	Xc452.fasta	98.545	1523	1649
Xc421-2.fasta	Xcr_CFBP_5828R.fasta	97.2033	1518	1649
Xc422.fasta	Xc452.fasta	99.3764	1576	1657
Xc422.fasta	ATCC_33913.fasta	98.7091	1580	1657
Xc422.fasta	Xcr_CFBP_5828R.fasta	97.2109	1506	1657
Xc43.fasta	ATCC_33913.fasta	98.7682	1545	1648
Xc43.fasta	Xc452.fasta	98.5049	1505	1648
Xc43.fasta	Xcr_CFBP_5828R.fasta	97.1848	1492	1648
Xc433.fasta	Xc452.fasta	99.1312	1550	1667
Xc433.fasta	ATCC_33913.fasta	99.0712	1591	1667
Xc433.fasta	Xcr_CFBP_5828R.fasta	97.2141	1494	1667
Xc442.fasta	Xc452.fasta	99.9457	1603	1641
Xc442.fasta	ATCC_33913.fasta	98.8428	1569	1641
Xc442.fasta	Xcr_CFBP_5828R.fasta	97.1577	1513	1641
Xc452.fasta	Xc452.fasta	100	1624	1626
Xc452.fasta	ATCC_33913.fasta	98.8102	1568	1626
Xc452.fasta	Xcr_CFBP_5828R.fasta	97.1805	1505	1626
Xc51.fasta	ATCC_33913.fasta	98.8161	1548	1649
Xc51.fasta	Xc452.fasta	98.5123	1519	1649
Xc51.fasta	Xcr_CFBP_5828R.fasta	97.2308	1500	1649
Xc52.fasta	ATCC_33913.fasta	98.7657	1555	1647
Xc52.fasta	Xc452.fasta	98.5683	1517	1647
Xc52.fasta	Xcr_CFBP_5828R.fasta	97.2608	1505	1647
Xc521-1.fasta	ATCC_33913.fasta	98.7876	1547	1642
Xc521-1.fasta	Xc452.fasta	98.5378	1522	1642
Xc521-1.fasta	Xcr_CFBP_5828R.fasta	97.2528	1503	1642
Xc521-2.fasta	ATCC_33913.fasta	98.7901	1540	1632
Xc521-2.fasta	Xc452.fasta	98.5056	1513	1632
Xc521-2.fasta	Xcr_CFBP_5828R.fasta	97.3005	1482	1632
Xc57.fasta	ATCC_33913.fasta	98.792	1552	1650
Xc57.fasta	Xc452.fasta	98.5349	1519	1650
Xc57.fasta	Xcr_CFBP_5828R.fasta	97.2506	1503	1650
Xc58.fasta	ATCC_33913.fasta	98.7709	1553	1664
Xc58.fasta	Xc452.fasta	98.5068	1523	1664
Xc58.fasta	Xcr_CFBP_5828R.fasta	97.2373	1508	1664
Xc67.fasta	ATCC_33913.fasta	98.759	1550	1642
Xc67.fasta	Xc452.fasta	98.5479	1509	1642
Xc67.fasta	Xcr_CFBP_5828R.fasta	97.2286	1500	1642
Xc7.fasta	Xc452.fasta	99.0832	1549	1628
Xc7.fasta	ATCC_33913.fasta	99.0789	1586	1628
Xc7.fasta	Xcr_CFBP_5828R.fasta	97.1709	1507	1628
Xc78.fasta	ATCC_33913.fasta	98.7706	1555	1644
Xc78.fasta	Xc452.fasta	98.532	1517	1644
Xc78.fasta	Xcr_CFBP_5828R.fasta	97.2402	1503	1644
